-------------------------------------------------------------------------------
Test set: com.infybuzz.app.StudentServiceApplicationTests
-------------------------------------------------------------------------------
Tests run: 1, Failures: 0, Errors: 1, Skipped: 0, Time elapsed: 0.863 s <<< FAILURE! - in com.infybuzz.app.StudentServiceApplicationTests
com.infybuzz.app.StudentServiceApplicationTests  Time elapsed: 0.86 s  <<< ERROR!
java.lang.IllegalStateException: Unable to find a @SpringBootConfiguration, you need to use @ContextConfiguration or @SpringBootTest(classes=...) with your test

